Case #1:
472826.354495174366
11059.940596585499
7811.695956223286
18313.067123068954
229899229.202802337284
864170501.000000000000
472826.354495174366
472826.354495174366
88.283633817373
Case #2:
239.645571626100
10.000000000000
1520.545724832761
59926.562097984072
1622.536719758970
740.958664288671
44.777435200720
1847.500792803207
6582.629040048981
Case #3:
6187166.091208478299
12606.688033992355
90387.215108111390
632627725.315747108543
928486.255859825174
78429.998212864684
69505.410252566111
53190.198312416079
46813.317817125538
3.464101615138
Case #4:
156911.504075197049
153.889570796724
153.889570796724
221925805.161631845767
15895902.244998920584
1278292.350782089285
10526354.578447748833
15895902.244998920584
Case #5:
6849608.178930185400
44885.513329228245
975650705.000000000000
Case #6:
48799.390365044521
4723388.653083715913
1382874.344414241904
44570.188242815399
1201012.134874466085
12853703.217787365294
238138050.000000000000
416218225.405346768297
258160.277404855100
3002833.137731082297
Case #7:
298201.462461202561
80012.480474817434
4876.329407626242
1563361.681249642648
79163.664455354769
70600.223461152661
132072.434151488216
174601.215083945045
Case #8:
612.592850105190
1931.140257942308
Case #9:
1000000000.000000000000
Case #10:
70847.111625192383
494573.590387384069
67603.167698954211
291984473.104244233167
654.037810159883
667332.166506565165
73057150.533999092040
15690404.437617571633
11590585.967267891495
645917092.725840566156
Case #11:
5724246.675327680181
181.016573826818
1.000000000000
Case #12:
5358536.312594512968
3592595.357020047144
1434.601648368317
4652.277292483744
7553.107390092274
25367.392435959988
3560453.074928386133
9511.708651365340
33628.740024114286
8467.134930006004
Case #13:
9.000000000000
637622.238279598509
637622.238279598509
Case #14:
27109.570265867366
185255.109382424549
37660.482698660266
24524.987360649138
451280.400276328121
272358.413294265829
44557.531524312942
419877.584058651504
Case #15:
2.884499140615
1355.151342145842
141.991397918062
4.000000000000
3024.059343179060
2.449489742783
349.565579221600
Case #16:
5.000000000000
18169.938200503654
1592.679217156351
17698.507540669732
5.000000000000
6006.953164901866
6797.313612032843
Case #17:
965.402384710238
93.978567620115
52762.593226641164
1967.468747221257
4429.930061164021
10051.314289639945
10614.787283750069
1772.395968730594
1512.601910693193
Case #18:
1459.014660155424
2387.318045556594
38560.019994938284
2387.318045556594
1095.718374688401
86.153908451058
1744.517562196349
11086.754394321180
11086.754394321180
9.000000000000
Case #19:
46319.555321243099
8881.253802091398
15813.619631534838
7667.530777142603
1401.336171959410
35424.534754832443
6111.502409292952
39358.765834309388
Case #20:
375505571.000000000000
36522.858426284295
275727.554984003314
41682.956529053003
Case #21:
231853.669089691371
1509506.917968689261
95322.273262863386
Case #22:
60093.757096723450
53474.000000000000
2113.338290702335
420.128551755293
67533.000000000000
420.128551755293
Case #23:
57895.524243770038
882.687016007827
20.162017308839
634.476161884747
56558.028761595680
4811.255525929530
341958.583402007395
72670.000000000000
78766.333022013648
117.209695292246
Case #24:
94.087477040931
14625.497007757808
74639.689086973024
1008.868330803299
47525.286259001113
56.989430686232
Case #25:
504713804.058817533340
6.214465011908
515444.743140520415
31.198474810919
99.505828635939
6.928203230276
1318593.584701903229
Case #26:
11327851.975878447651
695317.718674648945
246246.518286383231
317603.430005008630
385.535990537848
6943850.274923020870
362462.139403772938
33219.314544138551
180573.704205302206
362462.139403772938
Case #27:
900.835812445891
261.943108492364
35.958285014782
81.498466243237
131.603105551777
3216.309083768238
199855.057901960797
8.485281374239
821.713748189520
22099.728990606946
Case #28:
1254140.113664083876
58481.000000000000
1024289.047840162559
1024289.047840162559
1254140.113664083876
1254140.113664083876
588798.753725554586
588798.753725554586
1024289.047840162559
64302.278847642717
Case #29:
9.000000000000
67007.458181906885
9.000000000000
Case #30:
70136.598997955411
16223.193746178279
31599.472652499412
87117.104057858805
28620.390159628878
8436.893385843274
7809.607471775955
Case #31:
25890.000000000000
25890.000000000000
25890.000000000000
25890.000000000000
25890.000000000000
25890.000000000000
25890.000000000000
25890.000000000000
25890.000000000000
Case #32:
46489.233893609214
16682.914860402864
1950.396071201783
4871.645987158067
5704.660810280212
315530706.000000000000
Case #33:
42549.957055102740
Case #34:
664402754.000000000000
758501389.000000000000
709894648.355955213425
709894648.355955213425
664402754.000000000000
758501389.000000000000
758501389.000000000000
664402754.000000000000
Case #35:
6.324555320337
6.324555320337
10.000000000000
91558.282093975529
91558.282093975529
6.324555320337
10.000000000000
Case #36:
27518772.459723266700
524364720.117689571547
27518772.459723266700
Case #37:
400883541.309837606794
496504069.054642329662
443704758.485926207795
Case #38:
8.000000000000
8.000000000000
8.000000000000
8.000000000000
Case #39:
543.876992089362
1356.363444707217
56961.961605969997
1041.833015566987
40.044651740172
94.991689023637
5.000000000000
Case #40:
217.901774806662
7036.623818177593
12430.467178906188
2087.549069423957
7036.623818177593
955.014877530901
Case #41:
6.000000000000
85418.141076705714
810695425.000000000000
4.000000000000
810695425.000000000000
4.000000000000
3078.837311327247
Case #42:
2711941.252844353190
80083467.000000000000
Case #43:
52410722.044217727031
4035275.639188845995
8495.657806950600
14264.349007500033
295969.185260899677
Case #44:
5614136.088198254568
157922.654765532282
3817666.690482581057
Case #45:
79314.612373761243
25399.162899591789
Case #46:
7.000000000000
Case #47:
5224.218065728683
Case #48:
56810.000000000000
56810.000000000000
56810.000000000000
56810.000000000000
56810.000000000000
56810.000000000000
56810.000000000000
56810.000000000000
56810.000000000000
Case #49:
490389772.000000000000
2824045.280518063479
28183851.042264695150
1222770.704095387684
6440010.418264554330
1454500.835971394217
41499333.543901383273
339838228.000000000000
6183968.229755469887
479897.587993330218
Case #50:
795511033.572949649242
2628.804970146857
3.162277660168
4.481404746557
Case #51:
875125508.587047205365
976543791.000000000000
875125508.587047205365
784239952.000000000000
875125508.587047205365
784239952.000000000000
Case #52:
3.741657386774
2.449489742783
3.000000000000
3.741657386774
2.000000000000
3.741657386774
2.449489742783
3.000000000000
7.000000000000
Case #53:
79477.000000000000
10771055.000000000000
157062.107112213496
925230.316318591022
4526.000000000000
79477.000000000000
157062.107112213496
925230.316318591022
10771055.000000000000
Case #54:
10.000000000000
10.000000000000
10.000000000000
10.000000000000
10.000000000000
10.000000000000
10.000000000000
10.000000000000
10.000000000000
10.000000000000
Case #55:
345714.928571782954
8103.057092428153
18981.886734334457
102935.733967946120
972.460796124965
23842.169934132610
24281.633152037224
8103.057092428153
181966.224420890952
32009.265485224464
Case #56:
13297.000000000000
5108245.522301603404
18651271.112995402607
833105883.000000000000
8725205.761960000907
7840009.536697005829
4934510.923161344789
Case #57:
519425398.000000000000
1502775.642007384899
7.745966692415
354.200682342517
1502775.642007384899
22644.186685522016
1418751.715897350564
576.187469492352
25667.124632937945
7.745966692415
Case #58:
1.000000000000
2.000000000000
Case #59:
99724.000000000000
18613.000000000000
34868.874171673510
43083.208004975674
49494.679182589039
34868.874171673510
34868.874171673510
43083.208004975674
34868.874171673510
Case #60:
4743182.596990548075
8.000000000000
2729.203815641590
496.943816498907
304892.033817803364
Case #61:
1.414213562373
2.449489742783
Case #62:
32.000000000000
32.000000000000
32.000000000000
32.000000000000
32.000000000000
32.000000000000
32.000000000000
32.000000000000
32.000000000000
Case #63:
1714412.031849236211
38896.183066546116
554.395587706897
12877.396089765819
333.682483807586
1833.364125351758
777.697439200027
489.918687048726
175.131997287994
447351053.757725330972
Case #64:
3.872983346207
2262.854090831525
Case #65:
250192375.156394680365
Case #66:
4.000000000000
4.000000000000
4.000000000000
Case #67:
899.436149612385
2522.164061327629
2873.198887237125
3268.187752130347
2873.198887237125
14943.451116713519
2115.319597822788
5738.040073802077
1340.035512770101
8811.893906758606
Case #68:
33432.658609205750
381323819.000000000000
23236.000000000000
33432.658609205750
Case #69:
356616.176860425549
Case #70:
524626.882213765296
1508959.151004899504
46526.497718081036
704435.332589653024
132127.585426566778
7501497.830266800277
885148.926990120888
7501497.830266800277
74989.331201178211
610989137.000000000000
Case #71:
139.786340759179
11795.640173333943
127.004319195077
23156.466397099537
1573.077335434988
127.004319195077
338230344.528317021322
8.000000000000
47203.708706814985
882115.517903066771
Case #72:
812229559.000000000000
1236434.119777829212
813724691.000000000000
1211808.741744573216
44736.663666393362
837613717.121279073297
6168718.244300267110
837613717.121279073297
Case #73:
59953.331228793936
Case #74:
3133.710006633079
324410.052506911965
34645.195843712295
34645.195843712295
2682.029717201508
21285.232867757416
194186.886399933499
5350.890612174996
2195849.702353965755
240714688.000000000000
Case #75:
326.334284418219
8.000000000000
6334.210635018202
317.679083352996
335.225297374766
167.612648687383
14047.000000000000
Case #76:
413184.769120474561
301151628.805090210808
857008222.117660803429
6458925.170703790434
Case #77:
7.000000000000
7.000000000000
7.000000000000
7.000000000000
7.000000000000
7.000000000000
7.000000000000
7.000000000000
Case #78:
28869.364376902196
Case #79:
1804.051503520541
4.000000000000
68035.737814310522
68035.737814310522
576.784188410189
38312.756752810153
Case #80:
834.481875177646
7.000000000000
834.481875177646
834.481875177646
Case #81:
2863.775227236501
2863.775227236501
1008503.748760976287
60329.309253463196
3.000000000000
5.916079783100
27199.688380567892
31953.499365689231
1.732050807569
366047.883996009551
Case #82:
448.751349551078
14344978.352563647121
10626.873697539125
56785.000000000000
10626.873697539125
392010.247171218913
44994.795181011512
43045.535205863915
63286.936268031719
5959434.097432070773
Case #83:
2211.005267633839
Case #84:
3937.876624741211
71339.899957877709
217.366050707096
1372.500416698336
1372.500416698336
Case #85:
317759.017829823343
39436.620815878980
366.081958036722
46965.612561544400
1607.495434313071
4761871.046983107879
90707.000000000000
3.000000000000
159129.515532916892
66642.138868982132
Case #86:
66127.455523405707
54940.000000000000
383083.752280231509
27070.089028298374
75866.000000000000
63173.765381917995
34825.599550007957
38780.920426863577
Case #87:
22167.000000000000
78093.517656717193
210.556405744399
31184.996416383461
351.798237630606
872965.723708817046
3000361.392780043089
82525.000000000000
36676.313042793169
26209.518604319218
Case #88:
496133638.698377096880
429090868.000000000000
352976.030653248087
821.265444503813
128526.117548667314
50206.000000000000
40262.000000000000
437764.386902257536
354353.008381050753
550046.181923441406
Case #89:
50577.120884124413
33643.346896748691
47357.860889191353
42877.762877489088
56547.732007126402
1121150.915556551815
243192.778573632195
15449.822300517009
15449.822300517009
30385.458583200922
Case #90:
1421987.950300320005
4017.604719955418
862171643.000000000000
8.000000000000
88149.000000000000
91959.000000000000
73295.007757615415
Case #91:
5307.430018712361
Case #92:
437888.234626576588
437888.234626576588
11661.609837410957
Case #93:
4.000000000000
91.438929258078
5.656854249492
5.656854249492
15.179316964350
2.000000000000
Case #94:
45.226517115923
101.508917171384
3286641.737818102985
31.141112488465
74711.000000000000
2.000000000000
71.050857300366
773.172974937620
114.065117012083
3286641.737818102985
Case #95:
2.000000000000
Case #96:
7926.873348125120
395.497426556124
2321.381933383836
3883.935295677933
451.608237303086
39988.000000000000
505.453827493354
7926.873348125120
Case #97:
508363823.997655425192
561167697.960944742314
Case #98:
47657.207884225316
1128431.400331134212
33301.000000000000
442076042.000000000000
Case #99:
172067.621863396272
35231.000000000000
3.162277660168
82.885463140408
35231.000000000000
623.199700319489
687.000000000000
623.199700319489
25491.415944017394
2023.889239331457
Case #100:
40291.820899883923
22.851034322376
31.922325063833
51709.962908515028
352.124472842172
3291.710014335203
608.610352392814
42490.922042243329
5558.508114912551
645.427373637510
